<?xml version="1.0" encoding="UTF-8"?>
<!-- Generated by org.testng.reporters.JUnitReportReporter -->
<testsuite hostname="IMTIAZ" failures="0" tests="1" name="com.register.TC_RF_004" time="27.832" errors="0" timestamp="2025-04-07T20:29:56 EDT" skipped="0">
  <testcase classname="com.register.TC_RF_004" name="verifyWithoutProvidingAnyFields" time="27.832"/>
</testsuite> <!-- com.register.TC_RF_004 -->
