<?xml version="1.0" encoding="UTF-8"?>
<!-- Generated by org.testng.reporters.JUnitReportReporter -->
<testsuite hostname="IMTIAZ" failures="0" tests="3" name="com.register.TC_RF_007" time="86.630" errors="0" timestamp="2025-04-10T20:28:39 EDT" skipped="0">
  <testcase classname="com.register.TC_RF_007" name="verifyNavigatingToRegisterAccountPageOStepOne" time="28.125"/>
  <testcase classname="com.register.TC_RF_007" name="verifyNavigatingToRegisterAccountPageOStepTwo" time="29.941"/>
  <testcase classname="com.register.TC_RF_007" name="verifyNavigatingToRegisterAccountPageOStepThree" time="28.564"/>
</testsuite> <!-- com.register.TC_RF_007 -->
