<?xml version="1.0" encoding="UTF-8"?>
<!-- Generated by org.testng.reporters.JUnitReportReporter -->
<testsuite hostname="IMTIAZ" failures="0" tests="1" name="com.register.TC_RF_001" time="34.536" errors="0" timestamp="2025-04-06T20:51:25 EDT" skipped="0">
  <testcase classname="com.register.TC_RF_001" name="verifyRegisteringByProvidingOnlyMandatoryFields" time="34.536"/>
</testsuite> <!-- com.register.TC_RF_001 -->
