<?xml version="1.0" encoding="UTF-8"?>
<!-- Generated by org.testng.reporters.JUnitReportReporter -->
<testsuite hostname="IMTIAZ" failures="0" tests="1" name="com.register.TC_RF_006" time="29.476" errors="0" timestamp="2025-04-09T19:56:12 EDT" skipped="0">
  <testcase classname="com.register.TC_RF_006" name="verifyNoLetterIsSelectedForNewsLetter" time="29.476"/>
</testsuite> <!-- com.register.TC_RF_006 -->
