<?xml version="1.0" encoding="UTF-8"?>
<!-- Generated by org.testng.reporters.JUnitReportReporter -->
<testsuite hostname="IMTIAZ" failures="0" tests="1" name="com.register.TC_RF_005" time="32.505" errors="0" timestamp="2025-04-08T21:03:23 EDT" skipped="0">
  <testcase classname="com.register.TC_RF_005" name="verifyYesLetterIsSelectedForNewsLetter" time="32.505"/>
</testsuite> <!-- com.register.TC_RF_005 -->
