<?xml version="1.0" encoding="UTF-8"?>
<!-- Generated by org.testng.reporters.JUnitReportReporter -->
<testsuite hostname="IMTIAZ" failures="0" tests="1" name="com.register.TC_RF_009" time="36.708" errors="0" timestamp="2025-04-12T22:51:10 EDT" skipped="0">
  <testcase classname="com.register.TC_RF_009" name="verifyRegisteringByProvidingExistingDetails" time="36.708"/>
</testsuite> <!-- com.register.TC_RF_009 -->
