<?xml version="1.0" encoding="UTF-8"?>
<!-- Generated by org.testng.reporters.JUnitReportReporter -->
<testsuite hostname="IMTIAZ" failures="0" tests="1" name="com.register.TC_RF_11" time="34.052" errors="0" timestamp="2025-04-18T20:30:03 EDT" skipped="0">
  <testcase classname="com.register.TC_RF_11" name="verifyRegisteringByProvidingInvalidEmail" time="34.052"/>
</testsuite> <!-- com.register.TC_RF_11 -->
