<?xml version="1.0" encoding="UTF-8"?>
<!-- Generated by org.testng.reporters.JUnitReportReporter -->
<testsuite hostname="IMTIAZ" failures="0" tests="1" name="com.register.TC_RF_008" time="38.223" errors="0" timestamp="2025-04-11T20:49:14 EDT" skipped="0">
  <testcase classname="com.register.TC_RF_008" name="verifyRegisteringAccountByEnteringDifferentPasswords" time="38.223"/>
</testsuite> <!-- com.register.TC_RF_008 -->
